<?xml version="1.0" encoding="UTF-8"?>
<!-- Generated by org.testng.reporters.JUnitXMLReporter -->
<testsuite ignored="0" hostname="DESKTOP-SALBTN0" failures="1" tests="1" name="Edge Test" time="0.061" errors="0" timestamp="22 Apr 2022 11:31:44 GMT">
  <testcase classname="ParallelTutorial.Demo2" name="abc" time="0.0">
    <failure type="org.testng.TestNGException" message="
Parameter &amp;apos;browser Type&amp;apos; is required by @Test on method abc but has not been marked @Optional or defined
in C:\Users\DELL\eclipse-workspace\SeleniumWithTestNG\testngp.xml">
      <![CDATA[org.testng.TestNGException: 
Parameter 'browser Type' is required by @Test on method abc but has not been marked @Optional or defined
in C:\Users\DELL\eclipse-workspace\SeleniumWithTestNG\testngp.xml
at java.base/java.util.concurrent.FutureTask.run(FutureTask.java:264)
at java.base/java.util.concurrent.ThreadPoolExecutor.runWorker(ThreadPoolExecutor.java:1136)
at java.base/java.util.concurrent.ThreadPoolExecutor$Worker.run(ThreadPoolExecutor.java:635)
at java.base/java.lang.Thread.run(Thread.java:833)
... Removed 15 stack frames]]>
    </failure>
  </testcase> <!-- abc -->
</testsuite> <!-- Edge Test -->
