<?xml version="1.0" encoding="UTF-8"?>
<!-- Generated by org.testng.reporters.JUnitXMLReporter -->
<testsuite ignored="0" hostname="DESKTOP-SALBTN0" failures="1" tests="1" name="Test" time="0.114" errors="0" timestamp="22 Apr 2022 11:22:24 GMT">
  <testcase classname="ParallelTutorial.Demo2" name="abc" time="0.0">
    <failure type="org.testng.TestNGException" message="
Parameter &amp;apos;browser Type&amp;apos; is required by @Test on method abc but has not been marked @Optional or defined
in C:\Users\DELL\eclipse-workspace\SeleniumWithTestNG\testngp.xml">
      <![CDATA[org.testng.TestNGException: 
Parameter 'browser Type' is required by @Test on method abc but has not been marked @Optional or defined
in C:\Users\DELL\eclipse-workspace\SeleniumWithTestNG\testngp.xml
... Removed 24 stack frames]]>
    </failure>
  </testcase> <!-- abc -->
</testsuite> <!-- Test -->
