<?xml version="1.0" encoding="UTF-8"?>
<testng-results ignored="0" total="2" passed="0" failed="2" skipped="0">
  <reporter-output>
  </reporter-output>
  <suite started-at="2022-04-22T11:31:44Z" name="Suite" finished-at="2022-04-22T11:31:44Z" duration-ms="61">
    <groups>
    </groups>
    <test started-at="2022-04-22T11:31:44Z" name=" Chrome Test" finished-at="2022-04-22T11:31:44Z" duration-ms="61">
      <class name="ParallelTutorial.Demo2">
        <test-method signature="abc(java.lang.String)[pri:0, instance:ParallelTutorial.Demo2@1583741e]" started-at="2022-04-22T11:31:44Z" name="abc" finished-at="2022-04-22T11:31:44Z" duration-ms="0" status="FAIL">
          <exception class="org.testng.TestNGException">
            <message>
              <![CDATA[
Parameter 'browser Type' is required by @Test on method abc but has not been marked @Optional or defined
in C:\Users\DELL\eclipse-workspace\SeleniumWithTestNG\testngp.xml]]>
            </message>
            <full-stacktrace>
              <![CDATA[org.testng.TestNGException: 
Parameter 'browser Type' is required by @Test on method abc but has not been marked @Optional or defined
in C:\Users\DELL\eclipse-workspace\SeleniumWithTestNG\testngp.xml
at org.testng.internal.Parameters.createParams(Parameters.java:290)
at org.testng.internal.Parameters.createParametersForMethod(Parameters.java:359)
at org.testng.internal.Parameters.createParameters(Parameters.java:620)
at org.testng.internal.Parameters.handleParameters(Parameters.java:769)
at org.testng.internal.ParameterHandler.handleParameters(ParameterHandler.java:49)
at org.testng.internal.ParameterHandler.createParameters(ParameterHandler.java:37)
at org.testng.internal.Invoker.invokeTestMethods(Invoker.java:924)
at org.testng.internal.TestMethodWorker.invokeTestMethods(TestMethodWorker.java:125)
at org.testng.internal.TestMethodWorker.run(TestMethodWorker.java:109)
at org.testng.TestRunner.privateRun(TestRunner.java:648)
at org.testng.TestRunner.run(TestRunner.java:505)
at org.testng.SuiteRunner.runTest(SuiteRunner.java:455)
at org.testng.SuiteRunner.access$000(SuiteRunner.java:40)
at org.testng.SuiteRunner$SuiteWorker.run(SuiteRunner.java:489)
at org.testng.internal.thread.ThreadUtil$1.call(ThreadUtil.java:52)
at java.base/java.util.concurrent.FutureTask.run(FutureTask.java:264)
at java.base/java.util.concurrent.ThreadPoolExecutor.runWorker(ThreadPoolExecutor.java:1136)
at java.base/java.util.concurrent.ThreadPoolExecutor$Worker.run(ThreadPoolExecutor.java:635)
at java.base/java.lang.Thread.run(Thread.java:833)
]]>
            </full-stacktrace>
          </exception> <!-- org.testng.TestNGException -->
          <reporter-output>
          </reporter-output>
        </test-method> <!-- abc -->
      </class> <!-- ParallelTutorial.Demo2 -->
    </test> <!--  Chrome Test -->
    <test started-at="2022-04-22T11:31:44Z" name="Edge Test" finished-at="2022-04-22T11:31:44Z" duration-ms="61">
      <class name="ParallelTutorial.Demo2">
        <test-method signature="abc(java.lang.String)[pri:0, instance:ParallelTutorial.Demo2@70f02c32]" started-at="2022-04-22T11:31:44Z" name="abc" finished-at="2022-04-22T11:31:44Z" duration-ms="0" status="FAIL">
          <exception class="org.testng.TestNGException">
            <message>
              <![CDATA[
Parameter 'browser Type' is required by @Test on method abc but has not been marked @Optional or defined
in C:\Users\DELL\eclipse-workspace\SeleniumWithTestNG\testngp.xml]]>
            </message>
            <full-stacktrace>
              <![CDATA[org.testng.TestNGException: 
Parameter 'browser Type' is required by @Test on method abc but has not been marked @Optional or defined
in C:\Users\DELL\eclipse-workspace\SeleniumWithTestNG\testngp.xml
at org.testng.internal.Parameters.createParams(Parameters.java:290)
at org.testng.internal.Parameters.createParametersForMethod(Parameters.java:359)
at org.testng.internal.Parameters.createParameters(Parameters.java:620)
at org.testng.internal.Parameters.handleParameters(Parameters.java:769)
at org.testng.internal.ParameterHandler.handleParameters(ParameterHandler.java:49)
at org.testng.internal.ParameterHandler.createParameters(ParameterHandler.java:37)
at org.testng.internal.Invoker.invokeTestMethods(Invoker.java:924)
at org.testng.internal.TestMethodWorker.invokeTestMethods(TestMethodWorker.java:125)
at org.testng.internal.TestMethodWorker.run(TestMethodWorker.java:109)
at org.testng.TestRunner.privateRun(TestRunner.java:648)
at org.testng.TestRunner.run(TestRunner.java:505)
at org.testng.SuiteRunner.runTest(SuiteRunner.java:455)
at org.testng.SuiteRunner.access$000(SuiteRunner.java:40)
at org.testng.SuiteRunner$SuiteWorker.run(SuiteRunner.java:489)
at org.testng.internal.thread.ThreadUtil$1.call(ThreadUtil.java:52)
at java.base/java.util.concurrent.FutureTask.run(FutureTask.java:264)
at java.base/java.util.concurrent.ThreadPoolExecutor.runWorker(ThreadPoolExecutor.java:1136)
at java.base/java.util.concurrent.ThreadPoolExecutor$Worker.run(ThreadPoolExecutor.java:635)
at java.base/java.lang.Thread.run(Thread.java:833)
]]>
            </full-stacktrace>
          </exception> <!-- org.testng.TestNGException -->
          <reporter-output>
          </reporter-output>
        </test-method> <!-- abc -->
      </class> <!-- ParallelTutorial.Demo2 -->
    </test> <!-- Edge Test -->
  </suite> <!-- Suite -->
</testng-results>
